<?xml version="1.0" encoding="UTF-8"?>
<coverage generated="1548438057749" clover="3.2.0">
  <project timestamp="1548438057749" name="All files">
    <metrics statements="136" coveredstatements="88" conditionals="186" coveredconditionals="93" methods="77" coveredmethods="40" elements="399" coveredelements="221" complexity="0" loc="136" ncloc="136" packages="2" files="16" classes="16"/>
    <package name="src">
      <metrics statements="81" coveredstatements="57" conditionals="60" coveredconditionals="39" methods="42" coveredmethods="29"/>
      <file name="error.js" path="/Users/julien/Developer/javascript/type/src/error.js">
        <metrics statements="7" coveredstatements="3" conditionals="8" coveredconditionals="2" methods="4" coveredmethods="2"/>
        <line num="3" count="86" type="stmt"/>
        <line num="4" count="86" type="stmt"/>
        <line num="8" count="100" type="cond" truecount="2" falsecount="0"/>
        <line num="12" count="0" type="stmt"/>
        <line num="13" count="0" type="cond" truecount="0" falsecount="2"/>
        <line num="14" count="0" type="stmt"/>
        <line num="18" count="0" type="cond" truecount="0" falsecount="2"/>
      </file>
      <file name="errors.js" path="/Users/julien/Developer/javascript/type/src/errors.js">
        <metrics statements="14" coveredstatements="10" conditionals="3" coveredconditionals="3" methods="10" coveredmethods="6"/>
        <line num="5" count="147" type="stmt"/>
        <line num="6" count="147" type="stmt"/>
        <line num="10" count="105" type="stmt"/>
        <line num="14" count="195" type="stmt"/>
        <line num="18" count="100" type="stmt"/>
        <line num="19" count="86" type="stmt"/>
        <line num="23" count="0" type="stmt"/>
        <line num="24" count="0" type="stmt"/>
        <line num="28" count="0" type="stmt"/>
        <line num="32" count="17" type="cond" truecount="2" falsecount="0"/>
        <line num="33" count="15" type="stmt"/>
        <line num="34" count="15" type="stmt"/>
        <line num="36" count="17" type="stmt"/>
        <line num="40" count="0" type="stmt"/>
      </file>
      <file name="index.js" path="/Users/julien/Developer/javascript/type/src/index.js">
        <metrics statements="1" coveredstatements="1" conditionals="0" coveredconditionals="0" methods="1" coveredmethods="1"/>
        <line num="4" count="121" type="stmt"/>
      </file>
      <file name="type.js" path="/Users/julien/Developer/javascript/type/src/type.js">
        <metrics statements="35" coveredstatements="27" conditionals="37" coveredconditionals="31" methods="16" coveredmethods="13"/>
        <line num="5" count="14" type="cond" truecount="2" falsecount="0"/>
        <line num="14" count="121" type="stmt"/>
        <line num="22" count="121" type="cond" truecount="3" falsecount="1"/>
        <line num="23" count="0" type="stmt"/>
        <line num="26" count="121" type="stmt"/>
        <line num="27" count="121" type="stmt"/>
        <line num="28" count="121" type="stmt"/>
        <line num="29" count="121" type="stmt"/>
        <line num="33" count="136" type="cond" truecount="2" falsecount="0"/>
        <line num="34" count="123" type="cond" truecount="4" falsecount="0"/>
        <line num="35" count="109" type="cond" truecount="2" falsecount="0"/>
        <line num="36" count="95" type="stmt"/>
        <line num="40" count="16" type="cond" truecount="0" falsecount="4"/>
        <line num="42" count="0" type="stmt"/>
        <line num="43" count="0" type="stmt"/>
        <line num="46" count="0" type="stmt"/>
        <line num="47" count="0" type="stmt"/>
        <line num="50" count="0" type="stmt"/>
        <line num="52" count="0" type="stmt"/>
        <line num="57" count="98" type="cond" truecount="2" falsecount="0"/>
        <line num="61" count="81" type="stmt"/>
        <line num="65" count="135" type="stmt"/>
        <line num="66" count="135" type="stmt"/>
        <line num="67" count="135" type="cond" truecount="3" falsecount="1"/>
        <line num="71" count="138" type="stmt"/>
        <line num="72" count="138" type="cond" truecount="5" falsecount="0"/>
        <line num="73" count="2" type="stmt"/>
        <line num="76" count="136" type="stmt"/>
        <line num="77" count="136" type="stmt"/>
        <line num="78" count="136" type="cond" truecount="4" falsecount="0"/>
        <line num="79" count="79" type="stmt"/>
        <line num="84" count="57" type="stmt"/>
        <line num="85" count="87" type="cond" truecount="2" falsecount="0"/>
        <line num="91" count="40" type="stmt"/>
        <line num="95" count="0" type="stmt"/>
      </file>
      <file name="validation.js" path="/Users/julien/Developer/javascript/type/src/validation.js">
        <metrics statements="24" coveredstatements="16" conditionals="12" coveredconditionals="3" methods="11" coveredmethods="7"/>
        <line num="5" count="138" type="stmt"/>
        <line num="6" count="138" type="stmt"/>
        <line num="7" count="138" type="stmt"/>
        <line num="8" count="138" type="stmt"/>
        <line num="9" count="138" type="stmt"/>
        <line num="10" count="138" type="stmt"/>
        <line num="14" count="105" type="stmt"/>
        <line num="18" count="195" type="stmt"/>
        <line num="22" count="0" type="stmt"/>
        <line num="23" count="0" type="cond" truecount="0" falsecount="2"/>
        <line num="24" count="0" type="cond" truecount="0" falsecount="2"/>
        <line num="25" count="0" type="cond" truecount="0" falsecount="2"/>
        <line num="29" count="0" type="stmt"/>
        <line num="30" count="0" type="stmt"/>
        <line num="34" count="40" type="stmt"/>
        <line num="35" count="24" type="stmt"/>
        <line num="39" count="178" type="cond" truecount="3" falsecount="1"/>
        <line num="40" count="146" type="stmt"/>
        <line num="44" count="2" type="stmt"/>
        <line num="45" count="2" type="stmt"/>
        <line num="49" count="0" type="stmt"/>
        <line num="55" count="0" type="cond" truecount="0" falsecount="2"/>
        <line num="59" count="17" type="stmt"/>
        <line num="60" count="17" type="stmt"/>
      </file>
    </package>
    <package name="src.types">
      <metrics statements="55" coveredstatements="31" conditionals="126" coveredconditionals="54" methods="35" coveredmethods="11"/>
      <file name="any.js" path="/Users/julien/Developer/javascript/type/src/types/any.js">
        <metrics statements="1" coveredstatements="1" conditionals="2" coveredconditionals="2" methods="1" coveredmethods="1"/>
        <line num="5" count="1" type="stmt"/>
      </file>
      <file name="array.js" path="/Users/julien/Developer/javascript/type/src/types/array.js">
        <metrics statements="13" coveredstatements="5" conditionals="23" coveredconditionals="9" methods="9" coveredmethods="1"/>
        <line num="10" count="1" type="stmt"/>
        <line num="11" count="1" type="cond" truecount="1" falsecount="1"/>
        <line num="12" count="1" type="cond" truecount="1" falsecount="1"/>
        <line num="13" count="1" type="cond" truecount="1" falsecount="1"/>
        <line num="14" count="1" type="cond" truecount="1" falsecount="1"/>
        <line num="20" count="0" type="cond" truecount="0" falsecount="2"/>
        <line num="25" count="0" type="cond" truecount="0" falsecount="2"/>
        <line num="30" count="0" type="cond" truecount="0" falsecount="2"/>
        <line num="36" count="0" type="stmt"/>
        <line num="37" count="0" type="cond" truecount="0" falsecount="2"/>
        <line num="38" count="0" type="cond" truecount="0" falsecount="2"/>
        <line num="42" count="0" type="stmt"/>
        <line num="51" count="0" type="stmt"/>
      </file>
      <file name="boolean.js" path="/Users/julien/Developer/javascript/type/src/types/boolean.js">
        <metrics statements="0" coveredstatements="0" conditionals="0" coveredconditionals="0" methods="0" coveredmethods="0"/>
      </file>
      <file name="mixed.js" path="/Users/julien/Developer/javascript/type/src/types/mixed.js">
        <metrics statements="5" coveredstatements="5" conditionals="2" coveredconditionals="2" methods="3" coveredmethods="3"/>
        <line num="6" count="1" type="stmt"/>
        <line num="7" count="1" type="stmt"/>
        <line num="12" count="9" type="stmt"/>
        <line num="13" count="17" type="stmt"/>
        <line num="19" count="9" type="cond" truecount="2" falsecount="0"/>
      </file>
      <file name="nan.js" path="/Users/julien/Developer/javascript/type/src/types/nan.js">
        <metrics statements="0" coveredstatements="0" conditionals="0" coveredconditionals="0" methods="0" coveredmethods="0"/>
      </file>
      <file name="null.js" path="/Users/julien/Developer/javascript/type/src/types/null.js">
        <metrics statements="0" coveredstatements="0" conditionals="0" coveredconditionals="0" methods="0" coveredmethods="0"/>
      </file>
      <file name="number.js" path="/Users/julien/Developer/javascript/type/src/types/number.js">
        <metrics statements="12" coveredstatements="6" conditionals="44" coveredconditionals="11" methods="7" coveredmethods="1"/>
        <line num="12" count="2" type="stmt"/>
        <line num="13" count="2" type="cond" truecount="1" falsecount="1"/>
        <line num="14" count="2" type="cond" truecount="1" falsecount="1"/>
        <line num="15" count="2" type="cond" truecount="1" falsecount="1"/>
        <line num="16" count="2" type="cond" truecount="1" falsecount="1"/>
        <line num="17" count="2" type="cond" truecount="1" falsecount="1"/>
        <line num="24" count="0" type="cond" truecount="0" falsecount="2"/>
        <line num="28" count="0" type="cond" truecount="0" falsecount="4"/>
        <line num="34" count="0" type="cond" truecount="0" falsecount="5"/>
        <line num="40" count="0" type="cond" truecount="0" falsecount="5"/>
        <line num="47" count="0" type="stmt"/>
        <line num="54" count="0" type="stmt"/>
      </file>
      <file name="object.js" path="/Users/julien/Developer/javascript/type/src/types/object.js">
        <metrics statements="4" coveredstatements="2" conditionals="6" coveredconditionals="3" methods="3" coveredmethods="1"/>
        <line num="5" count="1" type="stmt"/>
        <line num="6" count="1" type="cond" truecount="1" falsecount="1"/>
        <line num="13" count="0" type="stmt"/>
        <line num="20" count="0" type="cond" truecount="0" falsecount="2"/>
      </file>
      <file name="string.js" path="/Users/julien/Developer/javascript/type/src/types/string.js">
        <metrics statements="15" coveredstatements="7" conditionals="31" coveredconditionals="13" methods="9" coveredmethods="1"/>
        <line num="13" count="2" type="stmt"/>
        <line num="14" count="2" type="cond" truecount="1" falsecount="1"/>
        <line num="15" count="2" type="cond" truecount="1" falsecount="1"/>
        <line num="16" count="2" type="cond" truecount="1" falsecount="1"/>
        <line num="17" count="2" type="cond" truecount="1" falsecount="1"/>
        <line num="18" count="2" type="cond" truecount="1" falsecount="1"/>
        <line num="19" count="2" type="cond" truecount="1" falsecount="1"/>
        <line num="25" count="0" type="cond" truecount="0" falsecount="2"/>
        <line num="30" count="0" type="cond" truecount="0" falsecount="2"/>
        <line num="35" count="0" type="cond" truecount="0" falsecount="2"/>
        <line num="41" count="0" type="cond" truecount="0" falsecount="2"/>
        <line num="42" count="0" type="stmt"/>
        <line num="47" count="0" type="cond" truecount="0" falsecount="2"/>
        <line num="48" count="0" type="stmt"/>
        <line num="53" count="0" type="cond" truecount="0" falsecount="2"/>
      </file>
      <file name="undefined.js" path="/Users/julien/Developer/javascript/type/src/types/undefined.js">
        <metrics statements="0" coveredstatements="0" conditionals="0" coveredconditionals="0" methods="0" coveredmethods="0"/>
      </file>
      <file name="value.js" path="/Users/julien/Developer/javascript/type/src/types/value.js">
        <metrics statements="5" coveredstatements="5" conditionals="18" coveredconditionals="14" methods="3" coveredmethods="3"/>
        <line num="5" count="2" type="stmt"/>
        <line num="6" count="2" type="cond" truecount="3" falsecount="1"/>
        <line num="7" count="2" type="cond" truecount="3" falsecount="1"/>
        <line num="11" count="21" type="cond" truecount="2" falsecount="0"/>
        <line num="16" count="10" type="cond" truecount="2" falsecount="0"/>
      </file>
    </package>
  </project>
</coverage>
