{"/Users/julien/Developer/javascript/type/src/error.js": {"path":"/Users/julien/Developer/javascript/type/src/error.js","statementMap":{"0":{"start":{"line":3,"column":4},"end":{"line":3,"column":26}},"1":{"start":{"line":4,"column":4},"end":{"line":4,"column":32}},"2":{"start":{"line":8,"column":4},"end":{"line":8,"column":76}},"3":{"start":{"line":12,"column":18},"end":{"line":12,"column":81}},"4":{"start":{"line":13,"column":4},"end":{"line":13,"column":81}},"5":{"start":{"line":13,"column":36},"end":{"line":13,"column":81}},"6":{"start":{"line":14,"column":4},"end":{"line":14,"column":16}},"7":{"start":{"line":18,"column":4},"end":{"line":18,"column":77}}},"fnMap":{"0":{"name":"(anonymous_0)","decl":{"start":{"line":2,"column":2},"end":{"line":2,"column":3}},"loc":{"start":{"line":2,"column":42},"end":{"line":5,"column":3}},"line":2},"1":{"name":"(anonymous_1)","decl":{"start":{"line":7,"column":2},"end":{"line":7,"column":3}},"loc":{"start":{"line":7,"column":41},"end":{"line":9,"column":3}},"line":7},"2":{"name":"(anonymous_2)","decl":{"start":{"line":11,"column":2},"end":{"line":11,"column":3}},"loc":{"start":{"line":11,"column":32},"end":{"line":15,"column":3}},"line":11},"3":{"name":"(anonymous_3)","decl":{"start":{"line":17,"column":2},"end":{"line":17,"column":3}},"loc":{"start":{"line":17,"column":13},"end":{"line":19,"column":3}},"line":17}},"branchMap":{"0":{"loc":{"start":{"line":2,"column":23},"end":{"line":2,"column":40}},"type":"default-arg","locations":[{"start":{"line":2,"column":36},"end":{"line":2,"column":40}}],"line":2},"1":{"loc":{"start":{"line":7,"column":22},"end":{"line":7,"column":39}},"type":"default-arg","locations":[{"start":{"line":7,"column":35},"end":{"line":7,"column":39}}],"line":7},"2":{"loc":{"start":{"line":8,"column":11},"end":{"line":8,"column":76}},"type":"cond-expr","locations":[{"start":{"line":8,"column":37},"end":{"line":8,"column":44}},{"start":{"line":8,"column":47},"end":{"line":8,"column":76}}],"line":8},"3":{"loc":{"start":{"line":13,"column":4},"end":{"line":13,"column":81}},"type":"if","locations":[{"start":{"line":13,"column":4},"end":{"line":13,"column":81}},{"start":{"line":13,"column":4},"end":{"line":13,"column":81}}],"line":13},"4":{"loc":{"start":{"line":18,"column":14},"end":{"line":18,"column":59}},"type":"cond-expr","locations":[{"start":{"line":18,"column":32},"end":{"line":18,"column":54}},{"start":{"line":18,"column":57},"end":{"line":18,"column":59}}],"line":18}},"s":{"0":86,"1":86,"2":100,"3":0,"4":0,"5":0,"6":0,"7":0},"f":{"0":86,"1":100,"2":0,"3":0},"b":{"0":[0],"1":[0],"2":[14,86],"3":[0,0],"4":[0,0]},"_coverageSchema":"43e27e138ebf9cfc5966b082cf9a028302ed4184","hash":"f42e87a182691a7f49d0d37822480749d65ec18e"}
,"/Users/julien/Developer/javascript/type/src/errors.js": {"path":"/Users/julien/Developer/javascript/type/src/errors.js","statementMap":{"0":{"start":{"line":5,"column":4},"end":{"line":5,"column":11}},"1":{"start":{"line":6,"column":4},"end":{"line":6,"column":32}},"2":{"start":{"line":10,"column":4},"end":{"line":10,"column":23}},"3":{"start":{"line":14,"column":4},"end":{"line":14,"column":24}},"4":{"start":{"line":18,"column":4},"end":{"line":18,"column":79}},"5":{"start":{"line":18,"column":32},"end":{"line":18,"column":78}},"6":{"start":{"line":19,"column":4},"end":{"line":19,"column":15}},"7":{"start":{"line":23,"column":4},"end":{"line":23,"column":87}},"8":{"start":{"line":23,"column":32},"end":{"line":23,"column":86}},"9":{"start":{"line":24,"column":4},"end":{"line":24,"column":15}},"10":{"start":{"line":28,"column":4},"end":{"line":28,"column":56}},"11":{"start":{"line":32,"column":4},"end":{"line":35,"column":5}},"12":{"start":{"line":33,"column":6},"end":{"line":33,"column":29}},"13":{"start":{"line":34,"column":6},"end":{"line":34,"column":26}},"14":{"start":{"line":36,"column":4},"end":{"line":36,"column":15}},"15":{"start":{"line":40,"column":4},"end":{"line":40,"column":26}}},"fnMap":{"0":{"name":"(anonymous_0)","decl":{"start":{"line":4,"column":2},"end":{"line":4,"column":3}},"loc":{"start":{"line":4,"column":33},"end":{"line":7,"column":3}},"line":4},"1":{"name":"(anonymous_1)","decl":{"start":{"line":9,"column":2},"end":{"line":9,"column":3}},"loc":{"start":{"line":9,"column":14},"end":{"line":11,"column":3}},"line":9},"2":{"name":"(anonymous_2)","decl":{"start":{"line":13,"column":2},"end":{"line":13,"column":3}},"loc":{"start":{"line":13,"column":12},"end":{"line":15,"column":3}},"line":13},"3":{"name":"(anonymous_3)","decl":{"start":{"line":17,"column":2},"end":{"line":17,"column":3}},"loc":{"start":{"line":17,"column":19},"end":{"line":20,"column":3}},"line":17},"4":{"name":"(anonymous_4)","decl":{"start":{"line":18,"column":21},"end":{"line":18,"column":22}},"loc":{"start":{"line":18,"column":32},"end":{"line":18,"column":78}},"line":18},"5":{"name":"(anonymous_5)","decl":{"start":{"line":22,"column":2},"end":{"line":22,"column":3}},"loc":{"start":{"line":22,"column":23},"end":{"line":25,"column":3}},"line":22},"6":{"name":"(anonymous_6)","decl":{"start":{"line":23,"column":21},"end":{"line":23,"column":22}},"loc":{"start":{"line":23,"column":32},"end":{"line":23,"column":86}},"line":23},"7":{"name":"(anonymous_7)","decl":{"start":{"line":27,"column":2},"end":{"line":27,"column":3}},"loc":{"start":{"line":27,"column":21},"end":{"line":29,"column":3}},"line":27},"8":{"name":"(anonymous_8)","decl":{"start":{"line":31,"column":2},"end":{"line":31,"column":3}},"loc":{"start":{"line":31,"column":19},"end":{"line":37,"column":3}},"line":31},"9":{"name":"(anonymous_9)","decl":{"start":{"line":39,"column":2},"end":{"line":39,"column":3}},"loc":{"start":{"line":39,"column":13},"end":{"line":41,"column":3}},"line":39}},"branchMap":{"0":{"loc":{"start":{"line":4,"column":14},"end":{"line":4,"column":31}},"type":"default-arg","locations":[{"start":{"line":4,"column":27},"end":{"line":4,"column":31}}],"line":4},"1":{"loc":{"start":{"line":32,"column":4},"end":{"line":35,"column":5}},"type":"if","locations":[{"start":{"line":32,"column":4},"end":{"line":35,"column":5}},{"start":{"line":32,"column":4},"end":{"line":35,"column":5}}],"line":32}},"s":{"0":147,"1":147,"2":105,"3":195,"4":86,"5":100,"6":86,"7":0,"8":0,"9":0,"10":0,"11":17,"12":15,"13":15,"14":17,"15":0},"f":{"0":147,"1":105,"2":195,"3":86,"4":100,"5":0,"6":0,"7":0,"8":17,"9":0},"b":{"0":[9],"1":[15,2]},"_coverageSchema":"43e27e138ebf9cfc5966b082cf9a028302ed4184","hash":"ad127c8e81a52503a5c7f8b16c790cf797c60fc7"}
,"/Users/julien/Developer/javascript/type/src/index.js": {"path":"/Users/julien/Developer/javascript/type/src/index.js","statementMap":{"0":{"start":{"line":4,"column":0},"end":{"line":4,"column":57}},"1":{"start":{"line":4,"column":37},"end":{"line":4,"column":56}}},"fnMap":{"0":{"name":"(anonymous_0)","decl":{"start":{"line":4,"column":29},"end":{"line":4,"column":30}},"loc":{"start":{"line":4,"column":37},"end":{"line":4,"column":56}},"line":4}},"branchMap":{},"s":{"0":11,"1":121},"f":{"0":121},"b":{},"_coverageSchema":"43e27e138ebf9cfc5966b082cf9a028302ed4184","hash":"785031f8f831fd4e1d38cba4d4d56b041137adf0"}
,"/Users/julien/Developer/javascript/type/src/type.js": {"path":"/Users/julien/Developer/javascript/type/src/type.js","statementMap":{"0":{"start":{"line":5,"column":4},"end":{"line":5,"column":37}},"1":{"start":{"line":5,"column":17},"end":{"line":5,"column":37}},"2":{"start":{"line":14,"column":4},"end":{"line":18,"column":6}},"3":{"start":{"line":14,"column":38},"end":{"line":14,"column":55}},"4":{"start":{"line":22,"column":4},"end":{"line":24,"column":5}},"5":{"start":{"line":23,"column":6},"end":{"line":23,"column":55}},"6":{"start":{"line":26,"column":17},"end":{"line":26,"column":32}},"7":{"start":{"line":27,"column":4},"end":{"line":27,"column":23}},"8":{"start":{"line":28,"column":4},"end":{"line":28,"column":21}},"9":{"start":{"line":29,"column":4},"end":{"line":29,"column":68}},"10":{"start":{"line":33,"column":4},"end":{"line":33,"column":36}},"11":{"start":{"line":33,"column":23},"end":{"line":33,"column":36}},"12":{"start":{"line":34,"column":4},"end":{"line":34,"column":62}},"13":{"start":{"line":34,"column":50},"end":{"line":34,"column":62}},"14":{"start":{"line":35,"column":4},"end":{"line":35,"column":43}},"15":{"start":{"line":35,"column":29},"end":{"line":35,"column":43}},"16":{"start":{"line":36,"column":4},"end":{"line":36,"column":23}},"17":{"start":{"line":40,"column":4},"end":{"line":53,"column":5}},"18":{"start":{"line":42,"column":8},"end":{"line":44,"column":11}},"19":{"start":{"line":43,"column":48},"end":{"line":43,"column":76}},"20":{"start":{"line":46,"column":8},"end":{"line":48,"column":11}},"21":{"start":{"line":47,"column":25},"end":{"line":47,"column":42}},"22":{"start":{"line":50,"column":8},"end":{"line":50,"column":36}},"23":{"start":{"line":52,"column":8},"end":{"line":52,"column":25}},"24":{"start":{"line":57,"column":4},"end":{"line":57,"column":66}},"25":{"start":{"line":61,"column":4},"end":{"line":61,"column":39}},"26":{"start":{"line":65,"column":14},"end":{"line":65,"column":34}},"27":{"start":{"line":66,"column":17},"end":{"line":66,"column":26}},"28":{"start":{"line":67,"column":4},"end":{"line":67,"column":86}},"29":{"start":{"line":71,"column":4},"end":{"line":87,"column":6}},"30":{"start":{"line":72,"column":6},"end":{"line":74,"column":7}},"31":{"start":{"line":73,"column":8},"end":{"line":73,"column":34}},"32":{"start":{"line":76,"column":25},"end":{"line":76,"column":52}},"33":{"start":{"line":77,"column":24},"end":{"line":77,"column":57}},"34":{"start":{"line":78,"column":6},"end":{"line":82,"column":7}},"35":{"start":{"line":79,"column":8},"end":{"line":81,"column":9}},"36":{"start":{"line":84,"column":6},"end":{"line":86,"column":8}},"37":{"start":{"line":85,"column":8},"end":{"line":85,"column":52}},"38":{"start":{"line":85,"column":25},"end":{"line":85,"column":52}},"39":{"start":{"line":91,"column":4},"end":{"line":91,"column":39}},"40":{"start":{"line":95,"column":4},"end":{"line":95,"column":82}}},"fnMap":{"0":{"name":"(anonymous_0)","decl":{"start":{"line":4,"column":2},"end":{"line":4,"column":3}},"loc":{"start":{"line":4,"column":39},"end":{"line":6,"column":3}},"line":4},"1":{"name":"(anonymous_1)","decl":{"start":{"line":13,"column":2},"end":{"line":13,"column":3}},"loc":{"start":{"line":13,"column":25},"end":{"line":19,"column":3}},"line":13},"2":{"name":"(anonymous_2)","decl":{"start":{"line":14,"column":25},"end":{"line":14,"column":26}},"loc":{"start":{"line":14,"column":38},"end":{"line":14,"column":55}},"line":14},"3":{"name":"(anonymous_3)","decl":{"start":{"line":21,"column":2},"end":{"line":21,"column":3}},"loc":{"start":{"line":21,"column":24},"end":{"line":30,"column":3}},"line":21},"4":{"name":"(anonymous_4)","decl":{"start":{"line":32,"column":2},"end":{"line":32,"column":3}},"loc":{"start":{"line":32,"column":26},"end":{"line":37,"column":3}},"line":32},"5":{"name":"(anonymous_5)","decl":{"start":{"line":39,"column":2},"end":{"line":39,"column":3}},"loc":{"start":{"line":39,"column":26},"end":{"line":54,"column":3}},"line":39},"6":{"name":"(anonymous_6)","decl":{"start":{"line":43,"column":36},"end":{"line":43,"column":37}},"loc":{"start":{"line":43,"column":48},"end":{"line":43,"column":76}},"line":43},"7":{"name":"(anonymous_7)","decl":{"start":{"line":47,"column":20},"end":{"line":47,"column":21}},"loc":{"start":{"line":47,"column":25},"end":{"line":47,"column":42}},"line":47},"8":{"name":"(anonymous_8)","decl":{"start":{"line":56,"column":2},"end":{"line":56,"column":3}},"loc":{"start":{"line":56,"column":25},"end":{"line":58,"column":3}},"line":56},"9":{"name":"(anonymous_9)","decl":{"start":{"line":60,"column":2},"end":{"line":60,"column":3}},"loc":{"start":{"line":60,"column":22},"end":{"line":62,"column":3}},"line":60},"10":{"name":"(anonymous_10)","decl":{"start":{"line":64,"column":2},"end":{"line":64,"column":3}},"loc":{"start":{"line":64,"column":20},"end":{"line":68,"column":3}},"line":64},"11":{"name":"(anonymous_11)","decl":{"start":{"line":70,"column":2},"end":{"line":70,"column":3}},"loc":{"start":{"line":70,"column":18},"end":{"line":88,"column":3}},"line":70},"12":{"name":"(anonymous_12)","decl":{"start":{"line":71,"column":48},"end":{"line":71,"column":49}},"loc":{"start":{"line":71,"column":62},"end":{"line":87,"column":5}},"line":71},"13":{"name":"(anonymous_13)","decl":{"start":{"line":84,"column":50},"end":{"line":84,"column":51}},"loc":{"start":{"line":84,"column":58},"end":{"line":86,"column":7}},"line":84},"14":{"name":"(anonymous_14)","decl":{"start":{"line":90,"column":2},"end":{"line":90,"column":3}},"loc":{"start":{"line":90,"column":15},"end":{"line":92,"column":3}},"line":90},"15":{"name":"(anonymous_15)","decl":{"start":{"line":94,"column":2},"end":{"line":94,"column":3}},"loc":{"start":{"line":94,"column":13},"end":{"line":96,"column":3}},"line":94}},"branchMap":{"0":{"loc":{"start":{"line":4,"column":14},"end":{"line":4,"column":37}},"type":"default-arg","locations":[{"start":{"line":4,"column":35},"end":{"line":4,"column":37}}],"line":4},"1":{"loc":{"start":{"line":4,"column":15},"end":{"line":4,"column":31}},"type":"default-arg","locations":[{"start":{"line":4,"column":26},"end":{"line":4,"column":31}}],"line":4},"2":{"loc":{"start":{"line":5,"column":4},"end":{"line":5,"column":37}},"type":"if","locations":[{"start":{"line":5,"column":4},"end":{"line":5,"column":37}},{"start":{"line":5,"column":4},"end":{"line":5,"column":37}}],"line":5},"3":{"loc":{"start":{"line":22,"column":4},"end":{"line":24,"column":5}},"type":"if","locations":[{"start":{"line":22,"column":4},"end":{"line":24,"column":5}},{"start":{"line":22,"column":4},"end":{"line":24,"column":5}}],"line":22},"4":{"loc":{"start":{"line":22,"column":7},"end":{"line":22,"column":70}},"type":"binary-expr","locations":[{"start":{"line":22,"column":7},"end":{"line":22,"column":33}},{"start":{"line":22,"column":37},"end":{"line":22,"column":70}}],"line":22},"5":{"loc":{"start":{"line":33,"column":4},"end":{"line":33,"column":36}},"type":"if","locations":[{"start":{"line":33,"column":4},"end":{"line":33,"column":36}},{"start":{"line":33,"column":4},"end":{"line":33,"column":36}}],"line":33},"6":{"loc":{"start":{"line":34,"column":4},"end":{"line":34,"column":62}},"type":"if","locations":[{"start":{"line":34,"column":4},"end":{"line":34,"column":62}},{"start":{"line":34,"column":4},"end":{"line":34,"column":62}}],"line":34},"7":{"loc":{"start":{"line":34,"column":7},"end":{"line":34,"column":48}},"type":"binary-expr","locations":[{"start":{"line":34,"column":7},"end":{"line":34,"column":32}},{"start":{"line":34,"column":36},"end":{"line":34,"column":48}}],"line":34},"8":{"loc":{"start":{"line":35,"column":4},"end":{"line":35,"column":43}},"type":"if","locations":[{"start":{"line":35,"column":4},"end":{"line":35,"column":43}},{"start":{"line":35,"column":4},"end":{"line":35,"column":43}}],"line":35},"9":{"loc":{"start":{"line":40,"column":4},"end":{"line":53,"column":5}},"type":"switch","locations":[{"start":{"line":41,"column":6},"end":{"line":44,"column":11}},{"start":{"line":45,"column":6},"end":{"line":48,"column":11}},{"start":{"line":49,"column":6},"end":{"line":50,"column":36}},{"start":{"line":51,"column":6},"end":{"line":52,"column":25}}],"line":40},"10":{"loc":{"start":{"line":57,"column":12},"end":{"line":57,"column":49}},"type":"binary-expr","locations":[{"start":{"line":57,"column":12},"end":{"line":57,"column":21}},{"start":{"line":57,"column":26},"end":{"line":57,"column":48}}],"line":57},"11":{"loc":{"start":{"line":67,"column":11},"end":{"line":67,"column":86}},"type":"cond-expr","locations":[{"start":{"line":67,"column":59},"end":{"line":67,"column":79}},{"start":{"line":67,"column":82},"end":{"line":67,"column":86}}],"line":67},"12":{"loc":{"start":{"line":67,"column":11},"end":{"line":67,"column":56}},"type":"binary-expr","locations":[{"start":{"line":67,"column":11},"end":{"line":67,"column":24}},{"start":{"line":67,"column":28},"end":{"line":67,"column":56}}],"line":67},"13":{"loc":{"start":{"line":72,"column":6},"end":{"line":74,"column":7}},"type":"if","locations":[{"start":{"line":72,"column":6},"end":{"line":74,"column":7}},{"start":{"line":72,"column":6},"end":{"line":74,"column":7}}],"line":72},"14":{"loc":{"start":{"line":72,"column":9},"end":{"line":72,"column":65}},"type":"binary-expr","locations":[{"start":{"line":72,"column":9},"end":{"line":72,"column":22}},{"start":{"line":72,"column":27},"end":{"line":72,"column":41}},{"start":{"line":72,"column":45},"end":{"line":72,"column":64}}],"line":72},"15":{"loc":{"start":{"line":78,"column":6},"end":{"line":82,"column":7}},"type":"if","locations":[{"start":{"line":78,"column":6},"end":{"line":82,"column":7}},{"start":{"line":78,"column":6},"end":{"line":82,"column":7}}],"line":78},"16":{"loc":{"start":{"line":78,"column":9},"end":{"line":78,"column":61}},"type":"binary-expr","locations":[{"start":{"line":78,"column":9},"end":{"line":78,"column":26}},{"start":{"line":78,"column":30},"end":{"line":78,"column":61}}],"line":78},"17":{"loc":{"start":{"line":85,"column":8},"end":{"line":85,"column":52}},"type":"if","locations":[{"start":{"line":85,"column":8},"end":{"line":85,"column":52}},{"start":{"line":85,"column":8},"end":{"line":85,"column":52}}],"line":85}},"s":{"0":14,"1":1,"2":121,"3":3,"4":121,"5":0,"6":121,"7":121,"8":121,"9":121,"10":136,"11":13,"12":123,"13":14,"14":109,"15":14,"16":95,"17":16,"18":0,"19":0,"20":0,"21":0,"22":0,"23":0,"24":98,"25":81,"26":135,"27":135,"28":135,"29":138,"30":138,"31":2,"32":136,"33":136,"34":136,"35":79,"36":57,"37":87,"38":40,"39":40,"40":0},"f":{"0":14,"1":121,"2":3,"3":121,"4":136,"5":16,"6":0,"7":0,"8":98,"9":81,"10":135,"11":138,"12":138,"13":87,"14":40,"15":0},"b":{"0":[7],"1":[13],"2":[1,13],"3":[0,121],"4":[121,121],"5":[13,123],"6":[14,109],"7":[123,38],"8":[14,95],"9":[0,0,0,0],"10":[98,11],"11":[135,0],"12":[135,135],"13":[2,136],"14":[138,9,8],"15":[79,57],"16":[136,96],"17":[40,47]},"_coverageSchema":"43e27e138ebf9cfc5966b082cf9a028302ed4184","hash":"90fedfb66ac1ce0a8967398cd627c5b0dcddeec2"}
,"/Users/julien/Developer/javascript/type/src/validation.js": {"path":"/Users/julien/Developer/javascript/type/src/validation.js","statementMap":{"0":{"start":{"line":5,"column":4},"end":{"line":5,"column":20}},"1":{"start":{"line":6,"column":4},"end":{"line":6,"column":22}},"2":{"start":{"line":7,"column":4},"end":{"line":7,"column":34}},"3":{"start":{"line":8,"column":4},"end":{"line":8,"column":25}},"4":{"start":{"line":9,"column":4},"end":{"line":9,"column":25}},"5":{"start":{"line":10,"column":4},"end":{"line":10,"column":26}},"6":{"start":{"line":14,"column":4},"end":{"line":14,"column":28}},"7":{"start":{"line":18,"column":4},"end":{"line":18,"column":26}},"8":{"start":{"line":22,"column":22},"end":{"line":22,"column":79}},"9":{"start":{"line":22,"column":55},"end":{"line":22,"column":67}},"10":{"start":{"line":23,"column":4},"end":{"line":23,"column":53}},"11":{"start":{"line":23,"column":20},"end":{"line":23,"column":53}},"12":{"start":{"line":24,"column":18},"end":{"line":24,"column":90}},"13":{"start":{"line":25,"column":4},"end":{"line":25,"column":88}},"14":{"start":{"line":29,"column":4},"end":{"line":29,"column":39}},"15":{"start":{"line":30,"column":4},"end":{"line":30,"column":15}},"16":{"start":{"line":34,"column":4},"end":{"line":34,"column":67}},"17":{"start":{"line":35,"column":4},"end":{"line":35,"column":15}},"18":{"start":{"line":39,"column":4},"end":{"line":39,"column":79}},"19":{"start":{"line":39,"column":39},"end":{"line":39,"column":79}},"20":{"start":{"line":40,"column":4},"end":{"line":40,"column":15}},"21":{"start":{"line":44,"column":4},"end":{"line":44,"column":24}},"22":{"start":{"line":45,"column":4},"end":{"line":45,"column":15}},"23":{"start":{"line":49,"column":33},"end":{"line":53,"column":17}},"24":{"start":{"line":55,"column":4},"end":{"line":55,"column":67}},"25":{"start":{"line":55,"column":20},"end":{"line":55,"column":67}},"26":{"start":{"line":59,"column":4},"end":{"line":59,"column":32}},"27":{"start":{"line":60,"column":4},"end":{"line":60,"column":15}}},"fnMap":{"0":{"name":"(anonymous_0)","decl":{"start":{"line":4,"column":2},"end":{"line":4,"column":3}},"loc":{"start":{"line":4,"column":27},"end":{"line":11,"column":3}},"line":4},"1":{"name":"(anonymous_1)","decl":{"start":{"line":13,"column":2},"end":{"line":13,"column":3}},"loc":{"start":{"line":13,"column":16},"end":{"line":15,"column":3}},"line":13},"2":{"name":"(anonymous_2)","decl":{"start":{"line":17,"column":2},"end":{"line":17,"column":3}},"loc":{"start":{"line":17,"column":15},"end":{"line":19,"column":3}},"line":17},"3":{"name":"(anonymous_3)","decl":{"start":{"line":21,"column":2},"end":{"line":21,"column":3}},"loc":{"start":{"line":21,"column":13},"end":{"line":26,"column":3}},"line":21},"4":{"name":"(anonymous_4)","decl":{"start":{"line":22,"column":43},"end":{"line":22,"column":44}},"loc":{"start":{"line":22,"column":55},"end":{"line":22,"column":67}},"line":22},"5":{"name":"(anonymous_5)","decl":{"start":{"line":28,"column":2},"end":{"line":28,"column":3}},"loc":{"start":{"line":28,"column":23},"end":{"line":31,"column":3}},"line":28},"6":{"name":"(anonymous_6)","decl":{"start":{"line":33,"column":2},"end":{"line":33,"column":3}},"loc":{"start":{"line":33,"column":28},"end":{"line":36,"column":3}},"line":33},"7":{"name":"(anonymous_7)","decl":{"start":{"line":38,"column":2},"end":{"line":38,"column":3}},"loc":{"start":{"line":38,"column":36},"end":{"line":41,"column":3}},"line":38},"8":{"name":"(anonymous_8)","decl":{"start":{"line":43,"column":2},"end":{"line":43,"column":3}},"loc":{"start":{"line":43,"column":11},"end":{"line":46,"column":3}},"line":43},"9":{"name":"(anonymous_9)","decl":{"start":{"line":48,"column":2},"end":{"line":48,"column":3}},"loc":{"start":{"line":48,"column":10},"end":{"line":56,"column":3}},"line":48},"10":{"name":"(anonymous_10)","decl":{"start":{"line":58,"column":2},"end":{"line":58,"column":3}},"loc":{"start":{"line":58,"column":19},"end":{"line":61,"column":3}},"line":58}},"branchMap":{"0":{"loc":{"start":{"line":23,"column":4},"end":{"line":23,"column":53}},"type":"if","locations":[{"start":{"line":23,"column":4},"end":{"line":23,"column":53}},{"start":{"line":23,"column":4},"end":{"line":23,"column":53}}],"line":23},"1":{"loc":{"start":{"line":24,"column":18},"end":{"line":24,"column":90}},"type":"cond-expr","locations":[{"start":{"line":24,"column":51},"end":{"line":24,"column":77}},{"start":{"line":24,"column":80},"end":{"line":24,"column":90}}],"line":24},"2":{"loc":{"start":{"line":25,"column":28},"end":{"line":25,"column":54}},"type":"cond-expr","locations":[{"start":{"line":25,"column":43},"end":{"line":25,"column":46}},{"start":{"line":25,"column":49},"end":{"line":25,"column":54}}],"line":25},"3":{"loc":{"start":{"line":39,"column":4},"end":{"line":39,"column":79}},"type":"if","locations":[{"start":{"line":39,"column":4},"end":{"line":39,"column":79}},{"start":{"line":39,"column":4},"end":{"line":39,"column":79}}],"line":39},"4":{"loc":{"start":{"line":39,"column":7},"end":{"line":39,"column":37}},"type":"binary-expr","locations":[{"start":{"line":39,"column":7},"end":{"line":39,"column":21}},{"start":{"line":39,"column":25},"end":{"line":39,"column":37}}],"line":39},"5":{"loc":{"start":{"line":55,"column":4},"end":{"line":55,"column":67}},"type":"if","locations":[{"start":{"line":55,"column":4},"end":{"line":55,"column":67}},{"start":{"line":55,"column":4},"end":{"line":55,"column":67}}],"line":55}},"s":{"0":138,"1":138,"2":138,"3":138,"4":138,"5":138,"6":105,"7":195,"8":0,"9":0,"10":0,"11":0,"12":0,"13":0,"14":0,"15":0,"16":40,"17":24,"18":178,"19":178,"20":146,"21":2,"22":2,"23":0,"24":0,"25":0,"26":17,"27":17},"f":{"0":138,"1":105,"2":195,"3":0,"4":0,"5":0,"6":40,"7":178,"8":2,"9":0,"10":17},"b":{"0":[0,0],"1":[0,0],"2":[0,0],"3":[178,0],"4":[178,178],"5":[0,0]},"_coverageSchema":"43e27e138ebf9cfc5966b082cf9a028302ed4184","hash":"721bebc9da096f31c7391c11d1546495130b5589"}
,"/Users/julien/Developer/javascript/type/src/types/any.js": {"path":"/Users/julien/Developer/javascript/type/src/types/any.js","statementMap":{"0":{"start":{"line":5,"column":4},"end":{"line":5,"column":21}}},"fnMap":{"0":{"name":"(anonymous_0)","decl":{"start":{"line":4,"column":2},"end":{"line":4,"column":3}},"loc":{"start":{"line":4,"column":38},"end":{"line":6,"column":3}},"line":4}},"branchMap":{"0":{"loc":{"start":{"line":4,"column":14},"end":{"line":4,"column":36}},"type":"default-arg","locations":[{"start":{"line":4,"column":34},"end":{"line":4,"column":36}}],"line":4},"1":{"loc":{"start":{"line":4,"column":15},"end":{"line":4,"column":30}},"type":"default-arg","locations":[{"start":{"line":4,"column":26},"end":{"line":4,"column":30}}],"line":4}},"s":{"0":1},"f":{"0":1},"b":{"0":[1],"1":[1]},"_coverageSchema":"43e27e138ebf9cfc5966b082cf9a028302ed4184","hash":"2b221a401850e6ede4146d8263e95818b4de36e8"}
,"/Users/julien/Developer/javascript/type/src/types/array.js": {"path":"/Users/julien/Developer/javascript/type/src/types/array.js","statementMap":{"0":{"start":{"line":10,"column":4},"end":{"line":10,"column":18}},"1":{"start":{"line":11,"column":4},"end":{"line":11,"column":53}},"2":{"start":{"line":11,"column":27},"end":{"line":11,"column":53}},"3":{"start":{"line":12,"column":4},"end":{"line":12,"column":44}},"4":{"start":{"line":12,"column":24},"end":{"line":12,"column":44}},"5":{"start":{"line":13,"column":4},"end":{"line":13,"column":47}},"6":{"start":{"line":13,"column":25},"end":{"line":13,"column":47}},"7":{"start":{"line":14,"column":4},"end":{"line":14,"column":47}},"8":{"start":{"line":14,"column":25},"end":{"line":14,"column":47}},"9":{"start":{"line":20,"column":49},"end":{"line":23,"column":5}},"10":{"start":{"line":25,"column":51},"end":{"line":28,"column":5}},"11":{"start":{"line":30,"column":51},"end":{"line":33,"column":5}},"12":{"start":{"line":36,"column":24},"end":{"line":36,"column":49}},"13":{"start":{"line":37,"column":6},"end":{"line":37,"column":80}},"14":{"start":{"line":38,"column":6},"end":{"line":38,"column":87}},"15":{"start":{"line":38,"column":38},"end":{"line":38,"column":87}},"16":{"start":{"line":42,"column":6},"end":{"line":47,"column":7}},"17":{"start":{"line":42,"column":38},"end":{"line":46,"column":15}},"18":{"start":{"line":51,"column":6},"end":{"line":56,"column":7}},"19":{"start":{"line":51,"column":31},"end":{"line":55,"column":15}}},"fnMap":{"0":{"name":"(anonymous_0)","decl":{"start":{"line":4,"column":2},"end":{"line":4,"column":3}},"loc":{"start":{"line":9,"column":10},"end":{"line":15,"column":3}},"line":9},"1":{"name":"(anonymous_1)","decl":{"start":{"line":20,"column":12},"end":{"line":20,"column":13}},"loc":{"start":{"line":20,"column":49},"end":{"line":23,"column":5}},"line":20},"2":{"name":"(anonymous_2)","decl":{"start":{"line":25,"column":13},"end":{"line":25,"column":14}},"loc":{"start":{"line":25,"column":51},"end":{"line":28,"column":5}},"line":25},"3":{"name":"(anonymous_3)","decl":{"start":{"line":30,"column":13},"end":{"line":30,"column":14}},"loc":{"start":{"line":30,"column":51},"end":{"line":33,"column":5}},"line":30},"4":{"name":"(anonymous_4)","decl":{"start":{"line":35,"column":15},"end":{"line":35,"column":16}},"loc":{"start":{"line":35,"column":31},"end":{"line":39,"column":5}},"line":35},"5":{"name":"(anonymous_5)","decl":{"start":{"line":41,"column":20},"end":{"line":41,"column":21}},"loc":{"start":{"line":41,"column":60},"end":{"line":48,"column":5}},"line":41},"6":{"name":"(anonymous_6)","decl":{"start":{"line":42,"column":21},"end":{"line":42,"column":22}},"loc":{"start":{"line":42,"column":38},"end":{"line":46,"column":15}},"line":42},"7":{"name":"(anonymous_7)","decl":{"start":{"line":50,"column":19},"end":{"line":50,"column":20}},"loc":{"start":{"line":50,"column":59},"end":{"line":57,"column":5}},"line":50},"8":{"name":"(anonymous_8)","decl":{"start":{"line":51,"column":17},"end":{"line":51,"column":18}},"loc":{"start":{"line":51,"column":31},"end":{"line":55,"column":15}},"line":51}},"branchMap":{"0":{"loc":{"start":{"line":4,"column":14},"end":{"line":4,"column":30}},"type":"default-arg","locations":[{"start":{"line":4,"column":26},"end":{"line":4,"column":30}}],"line":4},"1":{"loc":{"start":{"line":4,"column":32},"end":{"line":9,"column":8}},"type":"default-arg","locations":[{"start":{"line":9,"column":6},"end":{"line":9,"column":8}}],"line":4},"2":{"loc":{"start":{"line":5,"column":4},"end":{"line":5,"column":17}},"type":"default-arg","locations":[{"start":{"line":5,"column":13},"end":{"line":5,"column":17}}],"line":5},"3":{"loc":{"start":{"line":6,"column":4},"end":{"line":6,"column":18}},"type":"default-arg","locations":[{"start":{"line":6,"column":14},"end":{"line":6,"column":18}}],"line":6},"4":{"loc":{"start":{"line":7,"column":4},"end":{"line":7,"column":18}},"type":"default-arg","locations":[{"start":{"line":7,"column":14},"end":{"line":7,"column":18}}],"line":7},"5":{"loc":{"start":{"line":11,"column":4},"end":{"line":11,"column":53}},"type":"if","locations":[{"start":{"line":11,"column":4},"end":{"line":11,"column":53}},{"start":{"line":11,"column":4},"end":{"line":11,"column":53}}],"line":11},"6":{"loc":{"start":{"line":12,"column":4},"end":{"line":12,"column":44}},"type":"if","locations":[{"start":{"line":12,"column":4},"end":{"line":12,"column":44}},{"start":{"line":12,"column":4},"end":{"line":12,"column":44}}],"line":12},"7":{"loc":{"start":{"line":13,"column":4},"end":{"line":13,"column":47}},"type":"if","locations":[{"start":{"line":13,"column":4},"end":{"line":13,"column":47}},{"start":{"line":13,"column":4},"end":{"line":13,"column":47}}],"line":13},"8":{"loc":{"start":{"line":14,"column":4},"end":{"line":14,"column":47}},"type":"if","locations":[{"start":{"line":14,"column":4},"end":{"line":14,"column":47}},{"start":{"line":14,"column":4},"end":{"line":14,"column":47}}],"line":14},"9":{"loc":{"start":{"line":20,"column":49},"end":{"line":23,"column":5}},"type":"binary-expr","locations":[{"start":{"line":20,"column":49},"end":{"line":20,"column":72}},{"start":{"line":20,"column":76},"end":{"line":23,"column":5}}],"line":20},"10":{"loc":{"start":{"line":25,"column":51},"end":{"line":28,"column":5}},"type":"binary-expr","locations":[{"start":{"line":25,"column":51},"end":{"line":25,"column":73}},{"start":{"line":25,"column":77},"end":{"line":28,"column":5}}],"line":25},"11":{"loc":{"start":{"line":30,"column":51},"end":{"line":33,"column":5}},"type":"binary-expr","locations":[{"start":{"line":30,"column":51},"end":{"line":30,"column":73}},{"start":{"line":30,"column":77},"end":{"line":33,"column":5}}],"line":30},"12":{"loc":{"start":{"line":37,"column":34},"end":{"line":37,"column":77}},"type":"cond-expr","locations":[{"start":{"line":37,"column":61},"end":{"line":37,"column":68}},{"start":{"line":37,"column":71},"end":{"line":37,"column":77}}],"line":37},"13":{"loc":{"start":{"line":38,"column":6},"end":{"line":38,"column":87}},"type":"if","locations":[{"start":{"line":38,"column":6},"end":{"line":38,"column":87}},{"start":{"line":38,"column":6},"end":{"line":38,"column":87}}],"line":38}},"s":{"0":1,"1":1,"2":0,"3":1,"4":0,"5":1,"6":0,"7":1,"8":0,"9":0,"10":0,"11":0,"12":0,"13":0,"14":0,"15":0,"16":0,"17":0,"18":0,"19":0},"f":{"0":1,"1":0,"2":0,"3":0,"4":0,"5":0,"6":0,"7":0,"8":0},"b":{"0":[1],"1":[1],"2":[1],"3":[1],"4":[1],"5":[0,1],"6":[0,1],"7":[0,1],"8":[0,1],"9":[0,0],"10":[0,0],"11":[0,0],"12":[0,0],"13":[0,0]},"_coverageSchema":"43e27e138ebf9cfc5966b082cf9a028302ed4184","hash":"72f4d48ede82041c53dca7bfefa5ceb597386282"}
,"/Users/julien/Developer/javascript/type/src/types/boolean.js": {"path":"/Users/julien/Developer/javascript/type/src/types/boolean.js","statementMap":{},"fnMap":{},"branchMap":{},"s":{},"f":{},"b":{},"_coverageSchema":"43e27e138ebf9cfc5966b082cf9a028302ed4184","hash":"5a28be4daf0acb87af98aadcda98131499dcfc3c"}
,"/Users/julien/Developer/javascript/type/src/types/mixed.js": {"path":"/Users/julien/Developer/javascript/type/src/types/mixed.js","statementMap":{"0":{"start":{"line":6,"column":4},"end":{"line":6,"column":11}},"1":{"start":{"line":7,"column":4},"end":{"line":7,"column":22}},"2":{"start":{"line":12,"column":25},"end":{"line":12,"column":37}},"3":{"start":{"line":13,"column":21},"end":{"line":17,"column":7}},"4":{"start":{"line":13,"column":41},"end":{"line":16,"column":15}},"5":{"start":{"line":19,"column":6},"end":{"line":19,"column":85}},"6":{"start":{"line":19,"column":17},"end":{"line":19,"column":85}}},"fnMap":{"0":{"name":"(anonymous_0)","decl":{"start":{"line":5,"column":2},"end":{"line":5,"column":3}},"loc":{"start":{"line":5,"column":24},"end":{"line":8,"column":3}},"line":5},"1":{"name":"(anonymous_1)","decl":{"start":{"line":11,"column":11},"end":{"line":11,"column":12}},"loc":{"start":{"line":11,"column":47},"end":{"line":20,"column":5}},"line":11},"2":{"name":"(anonymous_2)","decl":{"start":{"line":13,"column":33},"end":{"line":13,"column":34}},"loc":{"start":{"line":13,"column":41},"end":{"line":16,"column":15}},"line":13}},"branchMap":{"0":{"loc":{"start":{"line":19,"column":6},"end":{"line":19,"column":85}},"type":"if","locations":[{"start":{"line":19,"column":6},"end":{"line":19,"column":85}},{"start":{"line":19,"column":6},"end":{"line":19,"column":85}}],"line":19}},"s":{"0":1,"1":1,"2":9,"3":9,"4":17,"5":9,"6":7},"f":{"0":1,"1":9,"2":17},"b":{"0":[7,2]},"_coverageSchema":"43e27e138ebf9cfc5966b082cf9a028302ed4184","hash":"20dd20e76662b5abdba95bdba428d280ce7b5377"}
,"/Users/julien/Developer/javascript/type/src/types/nan.js": {"path":"/Users/julien/Developer/javascript/type/src/types/nan.js","statementMap":{},"fnMap":{},"branchMap":{},"s":{},"f":{},"b":{},"_coverageSchema":"43e27e138ebf9cfc5966b082cf9a028302ed4184","hash":"79ed64bfaee51daea348b91b671f1939b70e45a6"}
,"/Users/julien/Developer/javascript/type/src/types/null.js": {"path":"/Users/julien/Developer/javascript/type/src/types/null.js","statementMap":{},"fnMap":{},"branchMap":{},"s":{},"f":{},"b":{},"_coverageSchema":"43e27e138ebf9cfc5966b082cf9a028302ed4184","hash":"2e015eef67d0361f8f807dcc41d363034e3264e7"}
,"/Users/julien/Developer/javascript/type/src/types/number.js": {"path":"/Users/julien/Developer/javascript/type/src/types/number.js","statementMap":{"0":{"start":{"line":12,"column":4},"end":{"line":12,"column":18}},"1":{"start":{"line":13,"column":4},"end":{"line":13,"column":35}},"2":{"start":{"line":13,"column":16},"end":{"line":13,"column":35}},"3":{"start":{"line":14,"column":4},"end":{"line":14,"column":47}},"4":{"start":{"line":14,"column":25},"end":{"line":14,"column":47}},"5":{"start":{"line":15,"column":4},"end":{"line":15,"column":46}},"6":{"start":{"line":15,"column":24},"end":{"line":15,"column":46}},"7":{"start":{"line":16,"column":4},"end":{"line":16,"column":47}},"8":{"start":{"line":16,"column":25},"end":{"line":16,"column":47}},"9":{"start":{"line":17,"column":4},"end":{"line":17,"column":47}},"10":{"start":{"line":17,"column":25},"end":{"line":17,"column":47}},"11":{"start":{"line":24,"column":6},"end":{"line":24,"column":70}},"12":{"start":{"line":24,"column":38},"end":{"line":24,"column":70}},"13":{"start":{"line":28,"column":6},"end":{"line":30,"column":7}},"14":{"start":{"line":28,"column":65},"end":{"line":30,"column":7}},"15":{"start":{"line":34,"column":6},"end":{"line":36,"column":7}},"16":{"start":{"line":34,"column":67},"end":{"line":36,"column":7}},"17":{"start":{"line":40,"column":6},"end":{"line":42,"column":7}},"18":{"start":{"line":40,"column":67},"end":{"line":42,"column":7}},"19":{"start":{"line":47,"column":4},"end":{"line":50,"column":5}},"20":{"start":{"line":54,"column":4},"end":{"line":57,"column":5}}},"fnMap":{"0":{"name":"(anonymous_0)","decl":{"start":{"line":4,"column":2},"end":{"line":4,"column":3}},"loc":{"start":{"line":11,"column":10},"end":{"line":18,"column":3}},"line":11},"1":{"name":"(anonymous_1)","decl":{"start":{"line":23,"column":13},"end":{"line":23,"column":14}},"loc":{"start":{"line":23,"column":34},"end":{"line":25,"column":5}},"line":23},"2":{"name":"(anonymous_2)","decl":{"start":{"line":27,"column":12},"end":{"line":27,"column":13}},"loc":{"start":{"line":27,"column":49},"end":{"line":31,"column":5}},"line":27},"3":{"name":"(anonymous_3)","decl":{"start":{"line":33,"column":13},"end":{"line":33,"column":14}},"loc":{"start":{"line":33,"column":67},"end":{"line":37,"column":5}},"line":33},"4":{"name":"(anonymous_4)","decl":{"start":{"line":39,"column":13},"end":{"line":39,"column":14}},"loc":{"start":{"line":39,"column":67},"end":{"line":43,"column":5}},"line":39},"5":{"name":"(anonymous_5)","decl":{"start":{"line":46,"column":2},"end":{"line":46,"column":3}},"loc":{"start":{"line":46,"column":23},"end":{"line":51,"column":3}},"line":46},"6":{"name":"(anonymous_6)","decl":{"start":{"line":53,"column":2},"end":{"line":53,"column":3}},"loc":{"start":{"line":53,"column":23},"end":{"line":58,"column":3}},"line":53}},"branchMap":{"0":{"loc":{"start":{"line":4,"column":14},"end":{"line":11,"column":8}},"type":"default-arg","locations":[{"start":{"line":11,"column":6},"end":{"line":11,"column":8}}],"line":4},"1":{"loc":{"start":{"line":5,"column":4},"end":{"line":5,"column":19}},"type":"default-arg","locations":[{"start":{"line":5,"column":14},"end":{"line":5,"column":19}}],"line":5},"2":{"loc":{"start":{"line":6,"column":4},"end":{"line":6,"column":18}},"type":"default-arg","locations":[{"start":{"line":6,"column":14},"end":{"line":6,"column":18}}],"line":6},"3":{"loc":{"start":{"line":7,"column":4},"end":{"line":7,"column":17}},"type":"default-arg","locations":[{"start":{"line":7,"column":13},"end":{"line":7,"column":17}}],"line":7},"4":{"loc":{"start":{"line":8,"column":4},"end":{"line":8,"column":18}},"type":"default-arg","locations":[{"start":{"line":8,"column":14},"end":{"line":8,"column":18}}],"line":8},"5":{"loc":{"start":{"line":9,"column":4},"end":{"line":9,"column":18}},"type":"default-arg","locations":[{"start":{"line":9,"column":14},"end":{"line":9,"column":18}}],"line":9},"6":{"loc":{"start":{"line":13,"column":4},"end":{"line":13,"column":35}},"type":"if","locations":[{"start":{"line":13,"column":4},"end":{"line":13,"column":35}},{"start":{"line":13,"column":4},"end":{"line":13,"column":35}}],"line":13},"7":{"loc":{"start":{"line":14,"column":4},"end":{"line":14,"column":47}},"type":"if","locations":[{"start":{"line":14,"column":4},"end":{"line":14,"column":47}},{"start":{"line":14,"column":4},"end":{"line":14,"column":47}}],"line":14},"8":{"loc":{"start":{"line":15,"column":4},"end":{"line":15,"column":46}},"type":"if","locations":[{"start":{"line":15,"column":4},"end":{"line":15,"column":46}},{"start":{"line":15,"column":4},"end":{"line":15,"column":46}}],"line":15},"9":{"loc":{"start":{"line":16,"column":4},"end":{"line":16,"column":47}},"type":"if","locations":[{"start":{"line":16,"column":4},"end":{"line":16,"column":47}},{"start":{"line":16,"column":4},"end":{"line":16,"column":47}}],"line":16},"10":{"loc":{"start":{"line":17,"column":4},"end":{"line":17,"column":47}},"type":"if","locations":[{"start":{"line":17,"column":4},"end":{"line":17,"column":47}},{"start":{"line":17,"column":4},"end":{"line":17,"column":47}}],"line":17},"11":{"loc":{"start":{"line":24,"column":6},"end":{"line":24,"column":70}},"type":"if","locations":[{"start":{"line":24,"column":6},"end":{"line":24,"column":70}},{"start":{"line":24,"column":6},"end":{"line":24,"column":70}}],"line":24},"12":{"loc":{"start":{"line":28,"column":6},"end":{"line":30,"column":7}},"type":"if","locations":[{"start":{"line":28,"column":6},"end":{"line":30,"column":7}},{"start":{"line":28,"column":6},"end":{"line":30,"column":7}}],"line":28},"13":{"loc":{"start":{"line":28,"column":21},"end":{"line":28,"column":62}},"type":"binary-expr","locations":[{"start":{"line":28,"column":21},"end":{"line":28,"column":39}},{"start":{"line":28,"column":43},"end":{"line":28,"column":62}}],"line":28},"14":{"loc":{"start":{"line":29,"column":19},"end":{"line":29,"column":37}},"type":"cond-expr","locations":[{"start":{"line":29,"column":28},"end":{"line":29,"column":30}},{"start":{"line":29,"column":33},"end":{"line":29,"column":37}}],"line":29},"15":{"loc":{"start":{"line":34,"column":6},"end":{"line":36,"column":7}},"type":"if","locations":[{"start":{"line":34,"column":6},"end":{"line":36,"column":7}},{"start":{"line":34,"column":6},"end":{"line":36,"column":7}}],"line":34},"16":{"loc":{"start":{"line":34,"column":9},"end":{"line":34,"column":65}},"type":"binary-expr","locations":[{"start":{"line":34,"column":9},"end":{"line":34,"column":24}},{"start":{"line":34,"column":29},"end":{"line":34,"column":43}},{"start":{"line":34,"column":47},"end":{"line":34,"column":64}}],"line":34},"17":{"loc":{"start":{"line":35,"column":31},"end":{"line":35,"column":67}},"type":"cond-expr","locations":[{"start":{"line":35,"column":48},"end":{"line":35,"column":50}},{"start":{"line":35,"column":53},"end":{"line":35,"column":67}}],"line":35},"18":{"loc":{"start":{"line":40,"column":6},"end":{"line":42,"column":7}},"type":"if","locations":[{"start":{"line":40,"column":6},"end":{"line":42,"column":7}},{"start":{"line":40,"column":6},"end":{"line":42,"column":7}}],"line":40},"19":{"loc":{"start":{"line":40,"column":9},"end":{"line":40,"column":65}},"type":"binary-expr","locations":[{"start":{"line":40,"column":9},"end":{"line":40,"column":24}},{"start":{"line":40,"column":29},"end":{"line":40,"column":43}},{"start":{"line":40,"column":47},"end":{"line":40,"column":64}}],"line":40},"20":{"loc":{"start":{"line":41,"column":29},"end":{"line":41,"column":65}},"type":"cond-expr","locations":[{"start":{"line":41,"column":46},"end":{"line":41,"column":48}},{"start":{"line":41,"column":51},"end":{"line":41,"column":65}}],"line":41},"21":{"loc":{"start":{"line":48,"column":6},"end":{"line":49,"column":62}},"type":"binary-expr","locations":[{"start":{"line":48,"column":6},"end":{"line":48,"column":27}},{"start":{"line":49,"column":6},"end":{"line":49,"column":38}},{"start":{"line":49,"column":42},"end":{"line":49,"column":62}}],"line":48},"22":{"loc":{"start":{"line":55,"column":6},"end":{"line":56,"column":62}},"type":"binary-expr","locations":[{"start":{"line":55,"column":6},"end":{"line":55,"column":27}},{"start":{"line":56,"column":6},"end":{"line":56,"column":38}},{"start":{"line":56,"column":42},"end":{"line":56,"column":62}}],"line":55}},"s":{"0":2,"1":2,"2":0,"3":2,"4":0,"5":2,"6":0,"7":2,"8":0,"9":2,"10":0,"11":0,"12":0,"13":0,"14":0,"15":0,"16":0,"17":0,"18":0,"19":0,"20":0},"f":{"0":2,"1":0,"2":0,"3":0,"4":0,"5":0,"6":0},"b":{"0":[2],"1":[2],"2":[2],"3":[2],"4":[2],"5":[2],"6":[0,2],"7":[0,2],"8":[0,2],"9":[0,2],"10":[0,2],"11":[0,0],"12":[0,0],"13":[0,0],"14":[0,0],"15":[0,0],"16":[0,0,0],"17":[0,0],"18":[0,0],"19":[0,0,0],"20":[0,0],"21":[0,0,0],"22":[0,0,0]},"_coverageSchema":"43e27e138ebf9cfc5966b082cf9a028302ed4184","hash":"e0d394bee340e6babb5a56b34d665008b9cc24a6"}
,"/Users/julien/Developer/javascript/type/src/types/object.js": {"path":"/Users/julien/Developer/javascript/type/src/types/object.js","statementMap":{"0":{"start":{"line":5,"column":4},"end":{"line":5,"column":18}},"1":{"start":{"line":6,"column":4},"end":{"line":6,"column":53}},"2":{"start":{"line":6,"column":27},"end":{"line":6,"column":53}},"3":{"start":{"line":13,"column":6},"end":{"line":18,"column":7}},"4":{"start":{"line":13,"column":60},"end":{"line":17,"column":15}},"5":{"start":{"line":20,"column":6},"end":{"line":20,"column":65}},"6":{"start":{"line":20,"column":27},"end":{"line":20,"column":65}}},"fnMap":{"0":{"name":"(anonymous_0)","decl":{"start":{"line":4,"column":2},"end":{"line":4,"column":3}},"loc":{"start":{"line":4,"column":46},"end":{"line":7,"column":3}},"line":4},"1":{"name":"(anonymous_1)","decl":{"start":{"line":12,"column":15},"end":{"line":12,"column":16}},"loc":{"start":{"line":12,"column":55},"end":{"line":21,"column":5}},"line":12},"2":{"name":"(anonymous_2)","decl":{"start":{"line":13,"column":37},"end":{"line":13,"column":38}},"loc":{"start":{"line":13,"column":60},"end":{"line":17,"column":15}},"line":13}},"branchMap":{"0":{"loc":{"start":{"line":4,"column":14},"end":{"line":4,"column":30}},"type":"default-arg","locations":[{"start":{"line":4,"column":26},"end":{"line":4,"column":30}}],"line":4},"1":{"loc":{"start":{"line":4,"column":32},"end":{"line":4,"column":44}},"type":"default-arg","locations":[{"start":{"line":4,"column":42},"end":{"line":4,"column":44}}],"line":4},"2":{"loc":{"start":{"line":6,"column":4},"end":{"line":6,"column":53}},"type":"if","locations":[{"start":{"line":6,"column":4},"end":{"line":6,"column":53}},{"start":{"line":6,"column":4},"end":{"line":6,"column":53}}],"line":6},"3":{"loc":{"start":{"line":20,"column":6},"end":{"line":20,"column":65}},"type":"if","locations":[{"start":{"line":20,"column":6},"end":{"line":20,"column":65}},{"start":{"line":20,"column":6},"end":{"line":20,"column":65}}],"line":20}},"s":{"0":1,"1":1,"2":0,"3":0,"4":0,"5":0,"6":0},"f":{"0":1,"1":0,"2":0},"b":{"0":[1],"1":[1],"2":[0,1],"3":[0,0]},"_coverageSchema":"43e27e138ebf9cfc5966b082cf9a028302ed4184","hash":"9c9a7e76b84de91457f99932b12de35b062caae6"}
,"/Users/julien/Developer/javascript/type/src/types/string.js": {"path":"/Users/julien/Developer/javascript/type/src/types/string.js","statementMap":{"0":{"start":{"line":13,"column":4},"end":{"line":13,"column":18}},"1":{"start":{"line":14,"column":4},"end":{"line":14,"column":44}},"2":{"start":{"line":14,"column":24},"end":{"line":14,"column":44}},"3":{"start":{"line":15,"column":4},"end":{"line":15,"column":47}},"4":{"start":{"line":15,"column":25},"end":{"line":15,"column":47}},"5":{"start":{"line":16,"column":4},"end":{"line":16,"column":47}},"6":{"start":{"line":16,"column":25},"end":{"line":16,"column":47}},"7":{"start":{"line":17,"column":4},"end":{"line":17,"column":38}},"8":{"start":{"line":17,"column":22},"end":{"line":17,"column":38}},"9":{"start":{"line":18,"column":4},"end":{"line":18,"column":44}},"10":{"start":{"line":18,"column":24},"end":{"line":18,"column":44}},"11":{"start":{"line":19,"column":4},"end":{"line":19,"column":47}},"12":{"start":{"line":19,"column":25},"end":{"line":19,"column":47}},"13":{"start":{"line":25,"column":49},"end":{"line":28,"column":5}},"14":{"start":{"line":30,"column":51},"end":{"line":33,"column":5}},"15":{"start":{"line":35,"column":51},"end":{"line":38,"column":5}},"16":{"start":{"line":41,"column":6},"end":{"line":43,"column":7}},"17":{"start":{"line":41,"column":38},"end":{"line":41,"column":58}},"18":{"start":{"line":42,"column":8},"end":{"line":42,"column":47}},"19":{"start":{"line":47,"column":6},"end":{"line":49,"column":7}},"20":{"start":{"line":47,"column":38},"end":{"line":47,"column":59}},"21":{"start":{"line":48,"column":8},"end":{"line":48,"column":48}},"22":{"start":{"line":53,"column":6},"end":{"line":53,"column":75}},"23":{"start":{"line":53,"column":32},"end":{"line":53,"column":75}}},"fnMap":{"0":{"name":"(anonymous_0)","decl":{"start":{"line":4,"column":2},"end":{"line":4,"column":3}},"loc":{"start":{"line":12,"column":10},"end":{"line":20,"column":3}},"line":12},"1":{"name":"(anonymous_1)","decl":{"start":{"line":25,"column":12},"end":{"line":25,"column":13}},"loc":{"start":{"line":25,"column":49},"end":{"line":28,"column":5}},"line":25},"2":{"name":"(anonymous_2)","decl":{"start":{"line":30,"column":13},"end":{"line":30,"column":14}},"loc":{"start":{"line":30,"column":51},"end":{"line":33,"column":5}},"line":30},"3":{"name":"(anonymous_3)","decl":{"start":{"line":35,"column":13},"end":{"line":35,"column":14}},"loc":{"start":{"line":35,"column":51},"end":{"line":38,"column":5}},"line":35},"4":{"name":"(anonymous_4)","decl":{"start":{"line":40,"column":10},"end":{"line":40,"column":11}},"loc":{"start":{"line":40,"column":45},"end":{"line":44,"column":5}},"line":40},"5":{"name":"(anonymous_5)","decl":{"start":{"line":41,"column":30},"end":{"line":41,"column":31}},"loc":{"start":{"line":41,"column":38},"end":{"line":41,"column":58}},"line":41},"6":{"name":"(anonymous_6)","decl":{"start":{"line":46,"column":12},"end":{"line":46,"column":13}},"loc":{"start":{"line":46,"column":49},"end":{"line":50,"column":5}},"line":46},"7":{"name":"(anonymous_7)","decl":{"start":{"line":47,"column":30},"end":{"line":47,"column":31}},"loc":{"start":{"line":47,"column":38},"end":{"line":47,"column":59}},"line":47},"8":{"name":"(anonymous_8)","decl":{"start":{"line":52,"column":13},"end":{"line":52,"column":14}},"loc":{"start":{"line":52,"column":51},"end":{"line":54,"column":5}},"line":52}},"branchMap":{"0":{"loc":{"start":{"line":4,"column":14},"end":{"line":12,"column":8}},"type":"default-arg","locations":[{"start":{"line":12,"column":6},"end":{"line":12,"column":8}}],"line":4},"1":{"loc":{"start":{"line":5,"column":4},"end":{"line":5,"column":17}},"type":"default-arg","locations":[{"start":{"line":5,"column":13},"end":{"line":5,"column":17}}],"line":5},"2":{"loc":{"start":{"line":6,"column":4},"end":{"line":6,"column":18}},"type":"default-arg","locations":[{"start":{"line":6,"column":14},"end":{"line":6,"column":18}}],"line":6},"3":{"loc":{"start":{"line":7,"column":4},"end":{"line":7,"column":18}},"type":"default-arg","locations":[{"start":{"line":7,"column":14},"end":{"line":7,"column":18}}],"line":7},"4":{"loc":{"start":{"line":8,"column":4},"end":{"line":8,"column":15}},"type":"default-arg","locations":[{"start":{"line":8,"column":11},"end":{"line":8,"column":15}}],"line":8},"5":{"loc":{"start":{"line":9,"column":4},"end":{"line":9,"column":17}},"type":"default-arg","locations":[{"start":{"line":9,"column":13},"end":{"line":9,"column":17}}],"line":9},"6":{"loc":{"start":{"line":10,"column":4},"end":{"line":10,"column":18}},"type":"default-arg","locations":[{"start":{"line":10,"column":14},"end":{"line":10,"column":18}}],"line":10},"7":{"loc":{"start":{"line":14,"column":4},"end":{"line":14,"column":44}},"type":"if","locations":[{"start":{"line":14,"column":4},"end":{"line":14,"column":44}},{"start":{"line":14,"column":4},"end":{"line":14,"column":44}}],"line":14},"8":{"loc":{"start":{"line":15,"column":4},"end":{"line":15,"column":47}},"type":"if","locations":[{"start":{"line":15,"column":4},"end":{"line":15,"column":47}},{"start":{"line":15,"column":4},"end":{"line":15,"column":47}}],"line":15},"9":{"loc":{"start":{"line":16,"column":4},"end":{"line":16,"column":47}},"type":"if","locations":[{"start":{"line":16,"column":4},"end":{"line":16,"column":47}},{"start":{"line":16,"column":4},"end":{"line":16,"column":47}}],"line":16},"10":{"loc":{"start":{"line":17,"column":4},"end":{"line":17,"column":38}},"type":"if","locations":[{"start":{"line":17,"column":4},"end":{"line":17,"column":38}},{"start":{"line":17,"column":4},"end":{"line":17,"column":38}}],"line":17},"11":{"loc":{"start":{"line":18,"column":4},"end":{"line":18,"column":44}},"type":"if","locations":[{"start":{"line":18,"column":4},"end":{"line":18,"column":44}},{"start":{"line":18,"column":4},"end":{"line":18,"column":44}}],"line":18},"12":{"loc":{"start":{"line":19,"column":4},"end":{"line":19,"column":47}},"type":"if","locations":[{"start":{"line":19,"column":4},"end":{"line":19,"column":47}},{"start":{"line":19,"column":4},"end":{"line":19,"column":47}}],"line":19},"13":{"loc":{"start":{"line":25,"column":49},"end":{"line":28,"column":5}},"type":"binary-expr","locations":[{"start":{"line":25,"column":49},"end":{"line":25,"column":72}},{"start":{"line":25,"column":76},"end":{"line":28,"column":5}}],"line":25},"14":{"loc":{"start":{"line":30,"column":51},"end":{"line":33,"column":5}},"type":"binary-expr","locations":[{"start":{"line":30,"column":51},"end":{"line":30,"column":73}},{"start":{"line":30,"column":77},"end":{"line":33,"column":5}}],"line":30},"15":{"loc":{"start":{"line":35,"column":51},"end":{"line":38,"column":5}},"type":"binary-expr","locations":[{"start":{"line":35,"column":51},"end":{"line":35,"column":73}},{"start":{"line":35,"column":77},"end":{"line":38,"column":5}}],"line":35},"16":{"loc":{"start":{"line":41,"column":6},"end":{"line":43,"column":7}},"type":"if","locations":[{"start":{"line":41,"column":6},"end":{"line":43,"column":7}},{"start":{"line":41,"column":6},"end":{"line":43,"column":7}}],"line":41},"17":{"loc":{"start":{"line":47,"column":6},"end":{"line":49,"column":7}},"type":"if","locations":[{"start":{"line":47,"column":6},"end":{"line":49,"column":7}},{"start":{"line":47,"column":6},"end":{"line":49,"column":7}}],"line":47},"18":{"loc":{"start":{"line":53,"column":6},"end":{"line":53,"column":75}},"type":"if","locations":[{"start":{"line":53,"column":6},"end":{"line":53,"column":75}},{"start":{"line":53,"column":6},"end":{"line":53,"column":75}}],"line":53}},"s":{"0":2,"1":2,"2":0,"3":2,"4":0,"5":2,"6":0,"7":2,"8":0,"9":2,"10":0,"11":2,"12":0,"13":0,"14":0,"15":0,"16":0,"17":0,"18":0,"19":0,"20":0,"21":0,"22":0,"23":0},"f":{"0":2,"1":0,"2":0,"3":0,"4":0,"5":0,"6":0,"7":0,"8":0},"b":{"0":[2],"1":[2],"2":[2],"3":[2],"4":[2],"5":[2],"6":[2],"7":[0,2],"8":[0,2],"9":[0,2],"10":[0,2],"11":[0,2],"12":[0,2],"13":[0,0],"14":[0,0],"15":[0,0],"16":[0,0],"17":[0,0],"18":[0,0]},"_coverageSchema":"43e27e138ebf9cfc5966b082cf9a028302ed4184","hash":"553fde4b7259528d2b3eb8964bd2af6524cf8920"}
,"/Users/julien/Developer/javascript/type/src/types/undefined.js": {"path":"/Users/julien/Developer/javascript/type/src/types/undefined.js","statementMap":{},"fnMap":{},"branchMap":{},"s":{},"f":{},"b":{},"_coverageSchema":"43e27e138ebf9cfc5966b082cf9a028302ed4184","hash":"c39e8f90499ae2b1a9367446968d8cc1b95ebf2e"}
,"/Users/julien/Developer/javascript/type/src/types/value.js": {"path":"/Users/julien/Developer/javascript/type/src/types/value.js","statementMap":{"0":{"start":{"line":5,"column":4},"end":{"line":5,"column":11}},"1":{"start":{"line":6,"column":4},"end":{"line":6,"column":60}},"2":{"start":{"line":6,"column":13},"end":{"line":6,"column":60}},"3":{"start":{"line":7,"column":4},"end":{"line":7,"column":70}},"4":{"start":{"line":7,"column":15},"end":{"line":7,"column":70}},"5":{"start":{"line":11,"column":45},"end":{"line":14,"column":5}},"6":{"start":{"line":16,"column":49},"end":{"line":19,"column":5}}},"fnMap":{"0":{"name":"(anonymous_0)","decl":{"start":{"line":4,"column":2},"end":{"line":4,"column":3}},"loc":{"start":{"line":4,"column":44},"end":{"line":8,"column":3}},"line":4},"1":{"name":"(anonymous_1)","decl":{"start":{"line":11,"column":10},"end":{"line":11,"column":11}},"loc":{"start":{"line":11,"column":45},"end":{"line":14,"column":5}},"line":11},"2":{"name":"(anonymous_2)","decl":{"start":{"line":16,"column":12},"end":{"line":16,"column":13}},"loc":{"start":{"line":16,"column":49},"end":{"line":19,"column":5}},"line":16}},"branchMap":{"0":{"loc":{"start":{"line":4,"column":15},"end":{"line":4,"column":26}},"type":"default-arg","locations":[{"start":{"line":4,"column":22},"end":{"line":4,"column":26}}],"line":4},"1":{"loc":{"start":{"line":4,"column":28},"end":{"line":4,"column":41}},"type":"default-arg","locations":[{"start":{"line":4,"column":37},"end":{"line":4,"column":41}}],"line":4},"2":{"loc":{"start":{"line":6,"column":4},"end":{"line":6,"column":60}},"type":"if","locations":[{"start":{"line":6,"column":4},"end":{"line":6,"column":60}},{"start":{"line":6,"column":4},"end":{"line":6,"column":60}}],"line":6},"3":{"loc":{"start":{"line":6,"column":25},"end":{"line":6,"column":60}},"type":"cond-expr","locations":[{"start":{"line":6,"column":47},"end":{"line":6,"column":51}},{"start":{"line":6,"column":54},"end":{"line":6,"column":60}}],"line":6},"4":{"loc":{"start":{"line":7,"column":4},"end":{"line":7,"column":70}},"type":"if","locations":[{"start":{"line":7,"column":4},"end":{"line":7,"column":70}},{"start":{"line":7,"column":4},"end":{"line":7,"column":70}}],"line":7},"5":{"loc":{"start":{"line":7,"column":29},"end":{"line":7,"column":70}},"type":"cond-expr","locations":[{"start":{"line":7,"column":53},"end":{"line":7,"column":59}},{"start":{"line":7,"column":62},"end":{"line":7,"column":70}}],"line":7},"6":{"loc":{"start":{"line":11,"column":45},"end":{"line":14,"column":5}},"type":"binary-expr","locations":[{"start":{"line":11,"column":45},"end":{"line":11,"column":66}},{"start":{"line":11,"column":70},"end":{"line":14,"column":5}}],"line":11},"7":{"loc":{"start":{"line":12,"column":17},"end":{"line":12,"column":49}},"type":"cond-expr","locations":[{"start":{"line":12,"column":35},"end":{"line":12,"column":44}},{"start":{"line":12,"column":47},"end":{"line":12,"column":49}}],"line":12},"8":{"loc":{"start":{"line":16,"column":49},"end":{"line":19,"column":5}},"type":"binary-expr","locations":[{"start":{"line":16,"column":49},"end":{"line":16,"column":71}},{"start":{"line":16,"column":75},"end":{"line":19,"column":5}}],"line":16},"9":{"loc":{"start":{"line":17,"column":21},"end":{"line":17,"column":55}},"type":"cond-expr","locations":[{"start":{"line":17,"column":41},"end":{"line":17,"column":50}},{"start":{"line":17,"column":53},"end":{"line":17,"column":55}}],"line":17}},"s":{"0":2,"1":2,"2":1,"3":2,"4":1,"5":21,"6":10},"f":{"0":2,"1":21,"2":10},"b":{"0":[1],"1":[1],"2":[1,1],"3":[1,0],"4":[1,1],"5":[1,0],"6":[21,11],"7":[11,0],"8":[10,5],"9":[5,0]},"_coverageSchema":"43e27e138ebf9cfc5966b082cf9a028302ed4184","hash":"10542086986390ceb6b46eb3961ffe40ee2c1b5e"}
}
