TN:
SF:/Users/julien/Developer/javascript/type/src/error.js
FN:2,(anonymous_0)
FN:7,(anonymous_1)
FN:11,(anonymous_2)
FN:17,(anonymous_3)
FNF:4
FNH:2
FNDA:102,(anonymous_0)
FNDA:116,(anonymous_1)
FNDA:0,(anonymous_2)
FNDA:0,(anonymous_3)
DA:3,102
DA:4,102
DA:8,116
DA:12,0
DA:13,0
DA:14,0
DA:18,0
LF:7
LH:3
BRDA:2,0,0,0
BRDA:7,1,0,0
BRDA:8,2,0,14
BRDA:8,2,1,102
BRDA:13,3,0,0
BRDA:13,3,1,0
BRDA:18,4,0,0
BRDA:18,4,1,0
BRF:8
BRH:2
end_of_record
TN:
SF:/Users/julien/Developer/javascript/type/src/errors.js
FN:4,(anonymous_0)
FN:9,(anonymous_1)
FN:13,(anonymous_2)
FN:17,(anonymous_3)
FN:18,(anonymous_4)
FN:22,(anonymous_5)
FN:23,(anonymous_6)
FN:27,(anonymous_7)
FN:31,(anonymous_8)
FN:39,(anonymous_9)
FNF:10
FNH:6
FNDA:147,(anonymous_0)
FNDA:121,(anonymous_1)
FNDA:195,(anonymous_2)
FNDA:102,(anonymous_3)
FNDA:116,(anonymous_4)
FNDA:0,(anonymous_5)
FNDA:0,(anonymous_6)
FNDA:0,(anonymous_7)
FNDA:17,(anonymous_8)
FNDA:0,(anonymous_9)
DA:5,147
DA:6,147
DA:10,121
DA:14,195
DA:18,116
DA:19,102
DA:23,0
DA:24,0
DA:28,0
DA:32,17
DA:33,15
DA:34,15
DA:36,17
DA:40,0
LF:14
LH:10
BRDA:4,0,0,9
BRDA:32,1,0,15
BRDA:32,1,1,2
BRF:3
BRH:3
end_of_record
TN:
SF:/Users/julien/Developer/javascript/type/src/index.js
FN:4,(anonymous_0)
FNF:1
FNH:1
FNDA:121,(anonymous_0)
DA:4,121
LF:1
LH:1
BRF:0
BRH:0
end_of_record
TN:
SF:/Users/julien/Developer/javascript/type/src/type.js
FN:4,(anonymous_0)
FN:13,(anonymous_1)
FN:14,(anonymous_2)
FN:21,(anonymous_3)
FN:32,(anonymous_4)
FN:39,(anonymous_5)
FN:43,(anonymous_6)
FN:47,(anonymous_7)
FN:56,(anonymous_8)
FN:60,(anonymous_9)
FN:64,(anonymous_10)
FN:70,(anonymous_11)
FN:71,(anonymous_12)
FN:84,(anonymous_13)
FN:90,(anonymous_14)
FN:94,(anonymous_15)
FNF:16
FNH:13
FNDA:14,(anonymous_0)
FNDA:121,(anonymous_1)
FNDA:3,(anonymous_2)
FNDA:121,(anonymous_3)
FNDA:266,(anonymous_4)
FNDA:130,(anonymous_5)
FNDA:0,(anonymous_6)
FNDA:0,(anonymous_7)
FNDA:98,(anonymous_8)
FNDA:81,(anonymous_9)
FNDA:135,(anonymous_10)
FNDA:138,(anonymous_11)
FNDA:138,(anonymous_12)
FNDA:98,(anonymous_13)
FNDA:40,(anonymous_14)
FNDA:0,(anonymous_15)
DA:5,14
DA:14,121
DA:22,121
DA:23,0
DA:26,121
DA:27,121
DA:28,121
DA:29,121
DA:33,266
DA:34,248
DA:35,234
DA:36,220
DA:40,130
DA:42,0
DA:43,0
DA:46,0
DA:47,0
DA:50,5
DA:52,125
DA:57,98
DA:61,81
DA:65,135
DA:66,135
DA:67,135
DA:71,138
DA:72,138
DA:73,2
DA:76,136
DA:77,136
DA:78,136
DA:79,79
DA:84,57
DA:85,98
DA:91,40
DA:95,0
LF:35
LH:29
BRDA:4,0,0,7
BRDA:4,1,0,13
BRDA:5,2,0,1
BRDA:5,2,1,13
BRDA:22,3,0,0
BRDA:22,3,1,121
BRDA:22,4,0,121
BRDA:22,4,1,121
BRDA:33,5,0,18
BRDA:33,5,1,248
BRDA:34,6,0,14
BRDA:34,6,1,234
BRDA:34,7,0,248
BRDA:34,7,1,148
BRDA:35,8,0,14
BRDA:35,8,1,220
BRDA:40,9,0,0
BRDA:40,9,1,0
BRDA:40,9,2,5
BRDA:40,9,3,125
BRDA:57,10,0,98
BRDA:57,10,1,11
BRDA:67,11,0,135
BRDA:67,11,1,0
BRDA:67,12,0,135
BRDA:67,12,1,135
BRDA:72,13,0,2
BRDA:72,13,1,136
BRDA:72,14,0,138
BRDA:72,14,1,9
BRDA:72,14,2,8
BRDA:78,15,0,79
BRDA:78,15,1,57
BRDA:78,16,0,136
BRDA:78,16,1,96
BRDA:85,17,0,40
BRDA:85,17,1,58
BRF:37
BRH:33
end_of_record
TN:
SF:/Users/julien/Developer/javascript/type/src/validation.js
FN:4,(anonymous_0)
FN:13,(anonymous_1)
FN:17,(anonymous_2)
FN:21,(anonymous_3)
FN:22,(anonymous_4)
FN:28,(anonymous_5)
FN:33,(anonymous_6)
FN:38,(anonymous_7)
FN:43,(anonymous_8)
FN:48,(anonymous_9)
FN:58,(anonymous_10)
FNF:11
FNH:7
FNDA:138,(anonymous_0)
FNDA:121,(anonymous_1)
FNDA:195,(anonymous_2)
FNDA:0,(anonymous_3)
FNDA:0,(anonymous_4)
FNDA:0,(anonymous_5)
FNDA:40,(anonymous_6)
FNDA:178,(anonymous_7)
FNDA:2,(anonymous_8)
FNDA:0,(anonymous_9)
FNDA:17,(anonymous_10)
DA:5,138
DA:6,138
DA:7,138
DA:8,138
DA:9,138
DA:10,138
DA:14,121
DA:18,195
DA:22,0
DA:23,0
DA:24,0
DA:25,0
DA:29,0
DA:30,0
DA:34,40
DA:35,40
DA:39,178
DA:40,178
DA:44,2
DA:45,2
DA:49,0
DA:55,0
DA:59,17
DA:60,17
LF:24
LH:16
BRDA:23,0,0,0
BRDA:23,0,1,0
BRDA:24,1,0,0
BRDA:24,1,1,0
BRDA:25,2,0,0
BRDA:25,2,1,0
BRDA:39,3,0,178
BRDA:39,3,1,0
BRDA:39,4,0,178
BRDA:39,4,1,178
BRDA:55,5,0,0
BRDA:55,5,1,0
BRF:12
BRH:3
end_of_record
TN:
SF:/Users/julien/Developer/javascript/type/src/types/any.js
FN:4,(anonymous_0)
FNF:1
FNH:1
FNDA:1,(anonymous_0)
DA:5,1
LF:1
LH:1
BRDA:4,0,0,1
BRDA:4,1,0,1
BRF:2
BRH:2
end_of_record
TN:
SF:/Users/julien/Developer/javascript/type/src/types/array.js
FN:4,(anonymous_0)
FN:20,(anonymous_1)
FN:25,(anonymous_2)
FN:30,(anonymous_3)
FN:35,(anonymous_4)
FN:41,(anonymous_5)
FN:42,(anonymous_6)
FN:50,(anonymous_7)
FN:51,(anonymous_8)
FNF:9
FNH:1
FNDA:1,(anonymous_0)
FNDA:0,(anonymous_1)
FNDA:0,(anonymous_2)
FNDA:0,(anonymous_3)
FNDA:0,(anonymous_4)
FNDA:0,(anonymous_5)
FNDA:0,(anonymous_6)
FNDA:0,(anonymous_7)
FNDA:0,(anonymous_8)
DA:10,1
DA:11,1
DA:12,1
DA:13,1
DA:14,1
DA:20,0
DA:25,0
DA:30,0
DA:36,0
DA:37,0
DA:38,0
DA:42,0
DA:51,0
LF:13
LH:5
BRDA:4,0,0,1
BRDA:4,1,0,1
BRDA:5,2,0,1
BRDA:6,3,0,1
BRDA:7,4,0,1
BRDA:11,5,0,0
BRDA:11,5,1,1
BRDA:12,6,0,0
BRDA:12,6,1,1
BRDA:13,7,0,0
BRDA:13,7,1,1
BRDA:14,8,0,0
BRDA:14,8,1,1
BRDA:20,9,0,0
BRDA:20,9,1,0
BRDA:25,10,0,0
BRDA:25,10,1,0
BRDA:30,11,0,0
BRDA:30,11,1,0
BRDA:37,12,0,0
BRDA:37,12,1,0
BRDA:38,13,0,0
BRDA:38,13,1,0
BRF:23
BRH:9
end_of_record
TN:
SF:/Users/julien/Developer/javascript/type/src/types/boolean.js
FNF:0
FNH:0
LF:0
LH:0
BRF:0
BRH:0
end_of_record
TN:
SF:/Users/julien/Developer/javascript/type/src/types/mixed.js
FN:5,(anonymous_0)
FN:11,(anonymous_1)
FN:13,(anonymous_2)
FNF:3
FNH:3
FNDA:1,(anonymous_0)
FNDA:9,(anonymous_1)
FNDA:17,(anonymous_2)
DA:6,1
DA:7,1
DA:12,9
DA:13,17
DA:19,9
LF:5
LH:5
BRDA:19,0,0,7
BRDA:19,0,1,2
BRF:2
BRH:2
end_of_record
TN:
SF:/Users/julien/Developer/javascript/type/src/types/nan.js
FNF:0
FNH:0
LF:0
LH:0
BRF:0
BRH:0
end_of_record
TN:
SF:/Users/julien/Developer/javascript/type/src/types/null.js
FNF:0
FNH:0
LF:0
LH:0
BRF:0
BRH:0
end_of_record
TN:
SF:/Users/julien/Developer/javascript/type/src/types/number.js
FN:4,(anonymous_0)
FN:23,(anonymous_1)
FN:27,(anonymous_2)
FN:33,(anonymous_3)
FN:39,(anonymous_4)
FN:46,(anonymous_5)
FN:53,(anonymous_6)
FNF:7
FNH:1
FNDA:2,(anonymous_0)
FNDA:0,(anonymous_1)
FNDA:0,(anonymous_2)
FNDA:0,(anonymous_3)
FNDA:0,(anonymous_4)
FNDA:0,(anonymous_5)
FNDA:0,(anonymous_6)
DA:12,2
DA:13,2
DA:14,2
DA:15,2
DA:16,2
DA:17,2
DA:24,0
DA:28,0
DA:34,0
DA:40,0
DA:47,0
DA:54,0
LF:12
LH:6
BRDA:4,0,0,2
BRDA:5,1,0,2
BRDA:6,2,0,2
BRDA:7,3,0,2
BRDA:8,4,0,2
BRDA:9,5,0,2
BRDA:13,6,0,0
BRDA:13,6,1,2
BRDA:14,7,0,0
BRDA:14,7,1,2
BRDA:15,8,0,0
BRDA:15,8,1,2
BRDA:16,9,0,0
BRDA:16,9,1,2
BRDA:17,10,0,0
BRDA:17,10,1,2
BRDA:24,11,0,0
BRDA:24,11,1,0
BRDA:28,12,0,0
BRDA:28,12,1,0
BRDA:28,13,0,0
BRDA:28,13,1,0
BRDA:29,14,0,0
BRDA:29,14,1,0
BRDA:34,15,0,0
BRDA:34,15,1,0
BRDA:34,16,0,0
BRDA:34,16,1,0
BRDA:34,16,2,0
BRDA:35,17,0,0
BRDA:35,17,1,0
BRDA:40,18,0,0
BRDA:40,18,1,0
BRDA:40,19,0,0
BRDA:40,19,1,0
BRDA:40,19,2,0
BRDA:41,20,0,0
BRDA:41,20,1,0
BRDA:48,21,0,0
BRDA:48,21,1,0
BRDA:48,21,2,0
BRDA:55,22,0,0
BRDA:55,22,1,0
BRDA:55,22,2,0
BRF:44
BRH:11
end_of_record
TN:
SF:/Users/julien/Developer/javascript/type/src/types/object.js
FN:4,(anonymous_0)
FN:12,(anonymous_1)
FN:13,(anonymous_2)
FNF:3
FNH:1
FNDA:1,(anonymous_0)
FNDA:0,(anonymous_1)
FNDA:0,(anonymous_2)
DA:5,1
DA:6,1
DA:13,0
DA:20,0
LF:4
LH:2
BRDA:4,0,0,1
BRDA:4,1,0,1
BRDA:6,2,0,0
BRDA:6,2,1,1
BRDA:20,3,0,0
BRDA:20,3,1,0
BRF:6
BRH:3
end_of_record
TN:
SF:/Users/julien/Developer/javascript/type/src/types/string.js
FN:4,(anonymous_0)
FN:25,(anonymous_1)
FN:30,(anonymous_2)
FN:35,(anonymous_3)
FN:40,(anonymous_4)
FN:41,(anonymous_5)
FN:46,(anonymous_6)
FN:47,(anonymous_7)
FN:52,(anonymous_8)
FNF:9
FNH:1
FNDA:2,(anonymous_0)
FNDA:0,(anonymous_1)
FNDA:0,(anonymous_2)
FNDA:0,(anonymous_3)
FNDA:0,(anonymous_4)
FNDA:0,(anonymous_5)
FNDA:0,(anonymous_6)
FNDA:0,(anonymous_7)
FNDA:0,(anonymous_8)
DA:13,2
DA:14,2
DA:15,2
DA:16,2
DA:17,2
DA:18,2
DA:19,2
DA:25,0
DA:30,0
DA:35,0
DA:41,0
DA:42,0
DA:47,0
DA:48,0
DA:53,0
LF:15
LH:7
BRDA:4,0,0,2
BRDA:5,1,0,2
BRDA:6,2,0,2
BRDA:7,3,0,2
BRDA:8,4,0,2
BRDA:9,5,0,2
BRDA:10,6,0,2
BRDA:14,7,0,0
BRDA:14,7,1,2
BRDA:15,8,0,0
BRDA:15,8,1,2
BRDA:16,9,0,0
BRDA:16,9,1,2
BRDA:17,10,0,0
BRDA:17,10,1,2
BRDA:18,11,0,0
BRDA:18,11,1,2
BRDA:19,12,0,0
BRDA:19,12,1,2
BRDA:25,13,0,0
BRDA:25,13,1,0
BRDA:30,14,0,0
BRDA:30,14,1,0
BRDA:35,15,0,0
BRDA:35,15,1,0
BRDA:41,16,0,0
BRDA:41,16,1,0
BRDA:47,17,0,0
BRDA:47,17,1,0
BRDA:53,18,0,0
BRDA:53,18,1,0
BRF:31
BRH:13
end_of_record
TN:
SF:/Users/julien/Developer/javascript/type/src/types/undefined.js
FNF:0
FNH:0
LF:0
LH:0
BRF:0
BRH:0
end_of_record
TN:
SF:/Users/julien/Developer/javascript/type/src/types/value.js
FN:4,(anonymous_0)
FN:11,(anonymous_1)
FN:13,(anonymous_2)
FN:16,(anonymous_3)
FN:18,(anonymous_4)
FNF:5
FNH:5
FNDA:2,(anonymous_0)
FNDA:21,(anonymous_1)
FNDA:110,(anonymous_2)
FNDA:10,(anonymous_3)
FNDA:20,(anonymous_4)
DA:5,2
DA:6,2
DA:7,2
DA:11,21
DA:13,110
DA:16,10
DA:18,20
LF:7
LH:7
BRDA:4,0,0,1
BRDA:4,1,0,1
BRDA:6,2,0,1
BRDA:6,2,1,1
BRDA:6,3,0,1
BRDA:6,3,1,0
BRDA:7,4,0,1
BRDA:7,4,1,1
BRDA:7,5,0,1
BRDA:7,5,1,0
BRDA:11,6,0,21
BRDA:11,6,1,11
BRDA:12,7,0,11
BRDA:12,7,1,0
BRDA:16,8,0,10
BRDA:16,8,1,5
BRDA:17,9,0,5
BRDA:17,9,1,0
BRF:18
BRH:14
end_of_record
